
D:\Projects\Technosoft\BradFord\Software\CEL\CMP4020\ambd_sdk\project\realtek_amebaD_va0_example\EWARM-RELEASE>cd /D "D:\Projects\Technosoft\BradFord\Software\CEL\CMP4020\ambd_sdk\project\realtek_amebaD_va0_example\EWARM-RELEASE" 

D:\Projects\Technosoft\BradFord\Software\CEL\CMP4020\ambd_sdk\project\realtek_amebaD_va0_example\EWARM-RELEASE>set tooldir="D:\Projects\Technosoft\BradFord\Software\CEL\CMP4020\ambd_sdk\project\realtek_amebaD_va0_example\EWARM-RELEASE"\..\..\..\component\soc\realtek\amebad\misc\iar_utility\common\tools 

D:\Projects\Technosoft\BradFord\Software\CEL\CMP4020\ambd_sdk\project\realtek_amebaD_va0_example\EWARM-RELEASE>set libdir="D:\Projects\Technosoft\BradFord\Software\CEL\CMP4020\ambd_sdk\project\realtek_amebaD_va0_example\EWARM-RELEASE"\..\..\..\component\soc\realtek\amebad\misc\bsp 

D:\Projects\Technosoft\BradFord\Software\CEL\CMP4020\ambd_sdk\project\realtek_amebaD_va0_example\EWARM-RELEASE>set iartooldir="C:\iar\ewarm-9.60.2\arm" 

D:\Projects\Technosoft\BradFord\Software\CEL\CMP4020\ambd_sdk\project\realtek_amebaD_va0_example\EWARM-RELEASE>set km4_dir=Debug\Exe\km4_image 

D:\Projects\Technosoft\BradFord\Software\CEL\CMP4020\ambd_sdk\project\realtek_amebaD_va0_example\EWARM-RELEASE>del Debug\Exe\km4_image\km4_bootloader.map Debug\Exe\km4_image\km4_bootloader.asm Debug\Exe\km4_image\km4_bootloader.dbg.axf 

D:\Projects\Technosoft\BradFord\Software\CEL\CMP4020\ambd_sdk\project\realtek_amebaD_va0_example\EWARM-RELEASE>cmd /c ""D:\Projects\Technosoft\BradFord\Software\CEL\CMP4020\ambd_sdk\project\realtek_amebaD_va0_example\EWARM-RELEASE"\..\..\..\component\soc\realtek\amebad\misc\iar_utility\common\tools\nm Debug/Exe/km4_image/km4_bootloader.axf | "D:\Projects\Technosoft\BradFord\Software\CEL\CMP4020\ambd_sdk\project\realtek_amebaD_va0_example\EWARM-RELEASE"\..\..\..\component\soc\realtek\amebad\misc\iar_utility\common\tools\sort > Debug/Exe/km4_image/km4_bootloader.map" 

D:\Projects\Technosoft\BradFord\Software\CEL\CMP4020\ambd_sdk\project\realtek_amebaD_va0_example\EWARM-RELEASE>cmd /c ""D:\Projects\Technosoft\BradFord\Software\CEL\CMP4020\ambd_sdk\project\realtek_amebaD_va0_example\EWARM-RELEASE"\..\..\..\component\soc\realtek\amebad\misc\iar_utility\common\tools\objdump -d Debug/Exe/km4_image/km4_bootloader.axf > Debug/Exe/km4_image/km4_bootloader.asm" 

D:\Projects\Technosoft\BradFord\Software\CEL\CMP4020\ambd_sdk\project\realtek_amebaD_va0_example\EWARM-RELEASE>set ram1_start=0 

D:\Projects\Technosoft\BradFord\Software\CEL\CMP4020\ambd_sdk\project\realtek_amebaD_va0_example\EWARM-RELEASE>set ram1_end=0 

D:\Projects\Technosoft\BradFord\Software\CEL\CMP4020\ambd_sdk\project\realtek_amebaD_va0_example\EWARM-RELEASE>set xip_image1_start=0x08004020 

D:\Projects\Technosoft\BradFord\Software\CEL\CMP4020\ambd_sdk\project\realtek_amebaD_va0_example\EWARM-RELEASE>set xip_image1_end=0x08004020 

D:\Projects\Technosoft\BradFord\Software\CEL\CMP4020\ambd_sdk\project\realtek_amebaD_va0_example\EWARM-RELEASE>for /F "delims=" %i in ('cmd /c ""D:\Projects\Technosoft\BradFord\Software\CEL\CMP4020\ambd_sdk\project\realtek_amebaD_va0_example\EWARM-RELEASE"\..\..\..\component\soc\realtek\amebad\misc\iar_utility\common\tools\grep IMAGE1 Debug/Exe/km4_image/km4_bootloader.map | "D:\Projects\Technosoft\BradFord\Software\CEL\CMP4020\ambd_sdk\project\realtek_amebaD_va0_example\EWARM-RELEASE"\..\..\..\component\soc\realtek\amebad\misc\iar_utility\common\tools\grep Base | "D:\Projects\Technosoft\BradFord\Software\CEL\CMP4020\ambd_sdk\project\realtek_amebaD_va0_example\EWARM-RELEASE"\..\..\..\component\soc\realtek\amebad\misc\iar_utility\common\tools\gawk '{print $1}'"') do set ram1_start=0x%i 

D:\Projects\Technosoft\BradFord\Software\CEL\CMP4020\ambd_sdk\project\realtek_amebaD_va0_example\EWARM-RELEASE>set ram1_start=0x1007d000 

D:\Projects\Technosoft\BradFord\Software\CEL\CMP4020\ambd_sdk\project\realtek_amebaD_va0_example\EWARM-RELEASE>for /F "delims=" %i in ('cmd /c ""D:\Projects\Technosoft\BradFord\Software\CEL\CMP4020\ambd_sdk\project\realtek_amebaD_va0_example\EWARM-RELEASE"\..\..\..\component\soc\realtek\amebad\misc\iar_utility\common\tools\grep IMAGE1 Debug/Exe/km4_image/km4_bootloader.map | "D:\Projects\Technosoft\BradFord\Software\CEL\CMP4020\ambd_sdk\project\realtek_amebaD_va0_example\EWARM-RELEASE"\..\..\..\component\soc\realtek\amebad\misc\iar_utility\common\tools\grep Limit | "D:\Projects\Technosoft\BradFord\Software\CEL\CMP4020\ambd_sdk\project\realtek_amebaD_va0_example\EWARM-RELEASE"\..\..\..\component\soc\realtek\amebad\misc\iar_utility\common\tools\gawk '{print $1}'"') do set ram1_end=0x%i 

D:\Projects\Technosoft\BradFord\Software\CEL\CMP4020\ambd_sdk\project\realtek_amebaD_va0_example\EWARM-RELEASE>set ram1_end=0x1007e1aa 

D:\Projects\Technosoft\BradFord\Software\CEL\CMP4020\ambd_sdk\project\realtek_amebaD_va0_example\EWARM-RELEASE>for /F "delims=" %i in ('cmd /c ""D:\Projects\Technosoft\BradFord\Software\CEL\CMP4020\ambd_sdk\project\realtek_amebaD_va0_example\EWARM-RELEASE"\..\..\..\component\soc\realtek\amebad\misc\iar_utility\common\tools\grep xip_image1 Debug/Exe/km4_image/km4_bootloader.map | "D:\Projects\Technosoft\BradFord\Software\CEL\CMP4020\ambd_sdk\project\realtek_amebaD_va0_example\EWARM-RELEASE"\..\..\..\component\soc\realtek\amebad\misc\iar_utility\common\tools\grep Base | "D:\Projects\Technosoft\BradFord\Software\CEL\CMP4020\ambd_sdk\project\realtek_amebaD_va0_example\EWARM-RELEASE"\..\..\..\component\soc\realtek\amebad\misc\iar_utility\common\tools\gawk '{print $1}'"') do set xip_image1_start=0x%i 

D:\Projects\Technosoft\BradFord\Software\CEL\CMP4020\ambd_sdk\project\realtek_amebaD_va0_example\EWARM-RELEASE>for /F "delims=" %i in ('cmd /c ""D:\Projects\Technosoft\BradFord\Software\CEL\CMP4020\ambd_sdk\project\realtek_amebaD_va0_example\EWARM-RELEASE"\..\..\..\component\soc\realtek\amebad\misc\iar_utility\common\tools\grep xip_image1 Debug/Exe/km4_image/km4_bootloader.map | "D:\Projects\Technosoft\BradFord\Software\CEL\CMP4020\ambd_sdk\project\realtek_amebaD_va0_example\EWARM-RELEASE"\..\..\..\component\soc\realtek\amebad\misc\iar_utility\common\tools\grep Limit | "D:\Projects\Technosoft\BradFord\Software\CEL\CMP4020\ambd_sdk\project\realtek_amebaD_va0_example\EWARM-RELEASE"\..\..\..\component\soc\realtek\amebad\misc\iar_utility\common\tools\gawk '{print $1}'"') do set xip_image1_end=0x%i 

D:\Projects\Technosoft\BradFord\Software\CEL\CMP4020\ambd_sdk\project\realtek_amebaD_va0_example\EWARM-RELEASE>echo ram1_start: 0x1007d000  1>tmp.txt 

D:\Projects\Technosoft\BradFord\Software\CEL\CMP4020\ambd_sdk\project\realtek_amebaD_va0_example\EWARM-RELEASE>echo ram1_end: 0x1007e1aa  1>>tmp.txt 

D:\Projects\Technosoft\BradFord\Software\CEL\CMP4020\ambd_sdk\project\realtek_amebaD_va0_example\EWARM-RELEASE>echo xip_image1_start: 0x08004020  1>>tmp.txt 

D:\Projects\Technosoft\BradFord\Software\CEL\CMP4020\ambd_sdk\project\realtek_amebaD_va0_example\EWARM-RELEASE>echo xip_image1_end: 0x08004020  1>>tmp.txt 
sectname_ram1: A4 sectname_xip: 
/tools/objcopy: bad format for --rename-section
start = 1007d000, end = 1007e1aa, base = 10070000
Input file size: 4522
copy size 4522
start = 8004020, end = 8004020, base = 8000000
Input file size: 0
copy size 0
Debug\Exe\km4_image\xip_image1.p.bin
Debug\Exe\km4_image\ram_1.p.bin
        1 file(s) copied.

   IAR ELF Linker V9.60.2.399/W64 for ARM
   Copyright 2007-2024 IAR Systems AB.

  4'586 bytes of readonly  data memory

Errors: none
Warnings: none

Link time:   0.03 (CPU)   0.03 (elapsed)
